[    1190ms] [ERROR] Failed to load resource: the server responded with a status of 404 (Not Found) @ http://localhost:3000/favicon.ico:0
[    1265ms] [WARNING] Image with src "http://localhost:3000/assets/figma/home/sidebar-avatar-button.png" has either width or height modified, but not the other. If you use CSS to change the size of your image, also include the styles 'width: "auto"' or 'height: "auto"' to maintain the aspect ratio. @ http://localhost:3000/_next/static/chunks/node_modules_next_dist_b0daae9a._.js:968
[    5526ms] [WARNING] [ECharts] DEPRECATED: "api.style" has been deprecated. Please write literal style directly instead. @ http://localhost:3000/_next/static/chunks/node_modules_echarts_lib_util_17ab60a1._.js:5783
[ 1295899ms] [ERROR] ./src/app/tsi/[feature]/report/page.tsx:893:6
Parsing ecmascript source code failed
  891 |         </div>
  892 |       </div>
> 893 |     </AppLayout>
      |      ^^^^^^^^^^^
  894 |   );
  895 | }
  896 |

Unterminated regexp literal

Import traces:
  Client Component Browser:
    ./src/app/tsi/[feature]/report/page.tsx [Client Component Browser]
    ./src/app/tsi/[feature]/report/page.tsx [Server Component]

  Client Component SSR:
    ./src/app/tsi/[feature]/report/page.tsx [Client Component SSR]
    ./src/app/tsi/[feature]/report/page.tsx [Server Component] @ http://localhost:3000/_next/static/chunks/node_modules_next_dist_b0daae9a._.js:2359
[ 1318447ms] [ERROR] ./src/app/tsi/[feature]/report/page.tsx:893:6
Parsing ecmascript source code failed
  891 |         </div>
  892 |       </div>
> 893 |     </AppLayout>
      |      ^^^^^^^^^^^
  894 |   );
  895 | }
  896 |

Unterminated regexp literal

Import traces:
  Client Component Browser:
    ./src/app/tsi/[feature]/report/page.tsx [Client Component Browser]
    ./src/app/tsi/[feature]/report/page.tsx [Server Component]

  Client Component SSR:
    ./src/app/tsi/[feature]/report/page.tsx [Client Component SSR]
    ./src/app/tsi/[feature]/report/page.tsx [Server Component] @ http://localhost:3000/_next/static/chunks/node_modules_next_dist_b0daae9a._.js:2359
